*** Using Compiler 'V5.06 update 7 (build 960)', folder: 'C:\Keil_v5\ARM\ARMCC\Bin'
Rebuild target 'P01_location_hal'
assembling startup_stm32f103xb.s...
compiling gpio.c...
compiling rtc.c...
compiling stm32f1xx_hal_rcc.c...
compiling stm32f1xx_hal.c...
compiling stm32f1xx_hal_gpio_ex.c...
compiling usart.c...
compiling stm32f1xx_hal_msp.c...
compiling spi.c...
compiling i2c.c...
compiling main.c...
compiling stm32f1xx_it.c...
compiling stm32f1xx_hal_rcc_ex.c...
compiling stm32f1xx_hal_i2c.c...
compiling stm32f1xx_hal_pwr.c...
compiling stm32f1xx_hal_gpio.c...
compiling stm32f1xx_hal_cortex.c...
compiling stm32f1xx_hal_dma.c...
compiling stm32f1xx_hal_spi.c...
compiling stm32f1xx_hal_rtc_ex.c...
compiling system_stm32f1xx.c...
compiling stm32f1xx_hal_flash_ex.c...
compiling stm32f1xx_hal_exti.c...
compiling stm32f1xx_hal_rtc.c...
compiling stm32f1xx_hal_flash.c...
compiling Com_Debug.c...
compiling stm32f1xx_hal_uart.c...
compiling cJSON.c...
compiling driver_llcc68.c...
compiling Com_Tool.c...
compiling Int_AT6558R.c...
compiling Int_DS3553.c...
compiling Int_QS100.c...
compiling driver_llcc68_interface.c...
compiling App_Low_Power.c...
compiling Int_LoRa.c...
compiling App_Location.c...
linking...
Program Size: Code=39190 RO-data=738 RW-data=756 ZI-data=7148  
FromELF: creating hex file...
"P01_location_hal\P01_location_hal.axf" - 0 Error(s), 0 Warning(s).
Build Time Elapsed:  00:00:05
